<?xml version="1.0" encoding="UTF-8" ?>
<testsuite failures="0" time="15.274" errors="0" skipped="0" tests="4" name="com.ineatconseil.yougo.rest.RequestTypeITest">
  <properties>
[...]
</properties>
  <testcase time="2.436" classname="com.ineatconseil.yougo.rest.RequestTypeITest" name="save"/>
  <testcase time="0.015" classname="com.ineatconseil.yougo.rest.RequestTypeITest" name="update"/>
  <testcase time="0.023" classname="com.ineatconseil.yougo.rest.RequestTypeITest" name="findById"/>
  <testcase time="0.029" classname="com.ineatconseil.yougo.rest.RequestTypeITest" name="findAll"/>
</testsuite>